<?xml version="1.0" encoding="UTF-8"?>
<!-- Generated by org.testng.reporters.JUnitXMLReporter -->
<testsuite ignored="6" hostname="DESKTOP-9B5PPE8" failures="0" tests="4" name="Test" time="81.867" errors="0" timestamp="2026-01-04T15:45:14 IST">
  <testcase classname="testcases.TC001_Logout_Application" name="logoutApplication" time="8.582"/>
  <testcase classname="testcases.TC002_Open_New_Account" name="openNewAccountFlow" time="14.326"/>
  <testcase classname="testcases.TC003_Transfer_Funds" name="transferFundsFlow" time="22.362"/>
  <testcase classname="testcases.TC004_Request_Loan" name="requestLoanFlow" time="7.043"/>
  <testcase classname="base.BaseClass" name="@BeforeSuite reportsGenerate" time="0.0">
    <ignored/>
  </testcase> <!-- @BeforeSuite reportsGenerate -->
  <testcase classname="base.BaseClass" name="@BeforeSuite reportsGenerate" time="0.0">
    <ignored/>
  </testcase> <!-- @BeforeSuite reportsGenerate -->
  <testcase classname="base.BaseClass" name="@BeforeSuite reportsGenerate" time="0.0">
    <ignored/>
  </testcase> <!-- @BeforeSuite reportsGenerate -->
  <testcase classname="base.BaseClass" name="@AfterSuite closeReport" time="0.0">
    <ignored/>
  </testcase> <!-- @AfterSuite closeReport -->
  <testcase classname="base.BaseClass" name="@AfterSuite closeReport" time="0.0">
    <ignored/>
  </testcase> <!-- @AfterSuite closeReport -->
  <testcase classname="base.BaseClass" name="@AfterSuite closeReport" time="0.0">
    <ignored/>
  </testcase> <!-- @AfterSuite closeReport -->
</testsuite> <!-- Test -->
