<?xml version="1.0" encoding="UTF-8"?>
<!-- Generated by org.testng.reporters.JUnitXMLReporter -->
<testsuite ignored="6" hostname="DESKTOP-9B5PPE8" failures="1" tests="4" name="Test" time="83.618" errors="0" timestamp="2026-01-04T15:50:13 IST">
  <testcase classname="testcases.TC001_Logout_Application" name="logoutApplication" time="12.36"/>
  <testcase classname="testcases.TC002_Open_New_Account" name="openNewAccountFlow" time="17.746"/>
  <testcase classname="testcases.TC003_Transfer_Funds" name="transferFundsFlow" time="22.434"/>
  <testcase classname="testcases.TC004_Request_Loan" name="requestLoanFlow" time="7.297">
    <failure type="java.lang.AssertionError" message="Loan Apply Flow Failed Due To Technical Reason">
      <![CDATA[java.lang.AssertionError: Loan Apply Flow Failed Due To Technical Reason
at pages.Request_Loan_Final_Screen.verifyLoanApplyFinalScreen(Request_Loan_Final_Screen.java:30)
at testcases.TC004_Request_Loan.requestLoanFlow(TC004_Request_Loan.java:34)
at java.base/java.util.ArrayList.forEach(ArrayList.java:1511)
... Removed 28 stack frames]]>
    </failure>
  </testcase> <!-- requestLoanFlow -->
  <testcase classname="base.BaseClass" name="@BeforeSuite reportsGenerate" time="0.0">
    <ignored/>
  </testcase> <!-- @BeforeSuite reportsGenerate -->
  <testcase classname="base.BaseClass" name="@BeforeSuite reportsGenerate" time="0.0">
    <ignored/>
  </testcase> <!-- @BeforeSuite reportsGenerate -->
  <testcase classname="base.BaseClass" name="@BeforeSuite reportsGenerate" time="0.0">
    <ignored/>
  </testcase> <!-- @BeforeSuite reportsGenerate -->
  <testcase classname="base.BaseClass" name="@AfterSuite closeReport" time="0.0">
    <ignored/>
  </testcase> <!-- @AfterSuite closeReport -->
  <testcase classname="base.BaseClass" name="@AfterSuite closeReport" time="0.0">
    <ignored/>
  </testcase> <!-- @AfterSuite closeReport -->
  <testcase classname="base.BaseClass" name="@AfterSuite closeReport" time="0.0">
    <ignored/>
  </testcase> <!-- @AfterSuite closeReport -->
</testsuite> <!-- Test -->
