<?xml version="1.0" encoding="UTF-8"?>
<testng-results ignored="6" total="10" passed="4" failed="0" skipped="0">
  <reporter-output>
  </reporter-output>
  <suite started-at="2025-12-16T20:54:28 IST" name="Suite" finished-at="2025-12-16T20:56:53 IST" duration-ms="144847">
    <groups>
      <group name="requestLoanFlow">
        <method signature="TC004_Request_Loan.requestLoanFlow(java.lang.String,java.lang.String,java.lang.String,java.lang.String,java.lang.String,java.lang.String)[pri:0, instance:testcases.TC004_Request_Loan@4a883b15]" name="requestLoanFlow" class="testcases.TC004_Request_Loan"/>
      </group> <!-- requestLoanFlow -->
      <group name="openNewAccountFlow">
        <method signature="TC002_Open_New_Account.openNewAccountFlow(java.lang.String,java.lang.String,java.lang.String,java.lang.String)[pri:0, instance:testcases.TC002_Open_New_Account@52719fb6]" name="openNewAccountFlow" class="testcases.TC002_Open_New_Account"/>
      </group> <!-- openNewAccountFlow -->
      <group name="transferFundsFlow">
        <method signature="TC003_Transfer_Funds.transferFundsFlow(java.lang.String,java.lang.String,java.lang.String,java.lang.String,java.lang.String)[pri:0, instance:testcases.TC003_Transfer_Funds@3012646b]" name="transferFundsFlow" class="testcases.TC003_Transfer_Funds"/>
      </group> <!-- transferFundsFlow -->
      <group name="logoutApplication">
        <method signature="TC001_Logout_Application.logoutApplication(java.lang.String,java.lang.String)[pri:0, instance:testcases.TC001_Logout_Application@5d534f5d]" name="logoutApplication" class="testcases.TC001_Logout_Application"/>
      </group> <!-- logoutApplication -->
    </groups>
    <test started-at="2025-12-16T20:54:28 IST" name="Test" finished-at="2025-12-16T20:56:53 IST" duration-ms="144847">
      <class name="testcases.TC003_Transfer_Funds">
        <test-method is-config="true" signature="setData()[pri:0, instance:testcases.TC003_Transfer_Funds@3012646b]" started-at="2025-12-16T20:54:28 IST" name="setData" finished-at="2025-12-16T20:54:28 IST" duration-ms="1" status="PASS">
          <reporter-output>
          </reporter-output>
        </test-method> <!-- setData -->
        <test-method is-config="true" signature="testcaseDetails()[pri:0, instance:testcases.TC003_Transfer_Funds@3012646b]" started-at="2025-12-16T20:54:47 IST" name="testcaseDetails" finished-at="2025-12-16T20:54:47 IST" duration-ms="0" status="PASS">
          <reporter-output>
          </reporter-output>
        </test-method> <!-- testcaseDetails -->
        <test-method is-config="true" signature="preCond()[pri:0, instance:testcases.TC003_Transfer_Funds@3012646b]" started-at="2025-12-16T20:54:47 IST" name="preCond" finished-at="2025-12-16T20:54:50 IST" duration-ms="2908" status="PASS">
          <reporter-output>
          </reporter-output>
        </test-method> <!-- preCond -->
        <test-method signature="transferFundsFlow(java.lang.String,java.lang.String,java.lang.String,java.lang.String,java.lang.String)[pri:0, instance:testcases.TC003_Transfer_Funds@3012646b]" started-at="2025-12-16T20:54:50 IST" name="transferFundsFlow" data-provider="getData" depends-on-groups="logoutApplication" finished-at="2025-12-16T20:56:03 IST" duration-ms="73332" status="PASS">
          <params>
            <param index="0">
              <value>
                <![CDATA[john]]>
              </value>
            </param>
            <param index="1">
              <value>
                <![CDATA[demo]]>
              </value>
            </param>
            <param index="2">
              <value>
                <![CDATA[250]]>
              </value>
            </param>
            <param index="3">
              <value>
                <![CDATA[13344]]>
              </value>
            </param>
            <param index="4">
              <value>
                <![CDATA[13344]]>
              </value>
            </param>
          </params>
          <reporter-output>
          </reporter-output>
        </test-method> <!-- transferFundsFlow -->
        <test-method is-config="true" signature="postCond()[pri:0, instance:testcases.TC003_Transfer_Funds@3012646b]" started-at="2025-12-16T20:56:03 IST" name="postCond" finished-at="2025-12-16T20:56:04 IST" duration-ms="590" status="PASS">
          <reporter-output>
          </reporter-output>
        </test-method> <!-- postCond -->
      </class> <!-- testcases.TC003_Transfer_Funds -->
      <class name="testcases.TC002_Open_New_Account">
        <test-method is-config="true" signature="setData()[pri:0, instance:testcases.TC002_Open_New_Account@52719fb6]" started-at="2025-12-16T20:54:28 IST" name="setData" finished-at="2025-12-16T20:54:28 IST" duration-ms="1" status="PASS">
          <reporter-output>
          </reporter-output>
        </test-method> <!-- setData -->
        <test-method is-config="true" signature="testcaseDetails()[pri:0, instance:testcases.TC002_Open_New_Account@52719fb6]" started-at="2025-12-16T20:56:04 IST" name="testcaseDetails" finished-at="2025-12-16T20:56:04 IST" duration-ms="1" status="PASS">
          <reporter-output>
          </reporter-output>
        </test-method> <!-- testcaseDetails -->
        <test-method is-config="true" signature="preCond()[pri:0, instance:testcases.TC002_Open_New_Account@52719fb6]" started-at="2025-12-16T20:56:04 IST" name="preCond" finished-at="2025-12-16T20:56:09 IST" duration-ms="5552" status="PASS">
          <reporter-output>
          </reporter-output>
        </test-method> <!-- preCond -->
        <test-method signature="openNewAccountFlow(java.lang.String,java.lang.String,java.lang.String,java.lang.String)[pri:0, instance:testcases.TC002_Open_New_Account@52719fb6]" started-at="2025-12-16T20:56:09 IST" name="openNewAccountFlow" data-provider="getData" depends-on-groups="transferFundsFlow" finished-at="2025-12-16T20:56:37 IST" duration-ms="27581" status="PASS">
          <params>
            <param index="0">
              <value>
                <![CDATA[john]]>
              </value>
            </param>
            <param index="1">
              <value>
                <![CDATA[demo]]>
              </value>
            </param>
            <param index="2">
              <value>
                <![CDATA[SAVINGS]]>
              </value>
            </param>
            <param index="3">
              <value>
                <![CDATA[13344]]>
              </value>
            </param>
          </params>
          <reporter-output>
          </reporter-output>
        </test-method> <!-- openNewAccountFlow -->
        <test-method is-config="true" signature="postCond()[pri:0, instance:testcases.TC002_Open_New_Account@52719fb6]" started-at="2025-12-16T20:56:37 IST" name="postCond" finished-at="2025-12-16T20:56:38 IST" duration-ms="538" status="PASS">
          <reporter-output>
          </reporter-output>
        </test-method> <!-- postCond -->
      </class> <!-- testcases.TC002_Open_New_Account -->
      <class name="testcases.TC004_Request_Loan">
        <test-method is-config="true" signature="setData()[pri:0, instance:testcases.TC004_Request_Loan@4a883b15]" started-at="2025-12-16T20:54:28 IST" name="setData" finished-at="2025-12-16T20:54:28 IST" duration-ms="0" status="PASS">
          <reporter-output>
          </reporter-output>
        </test-method> <!-- setData -->
        <test-method is-config="true" signature="testcaseDetails()[pri:0, instance:testcases.TC004_Request_Loan@4a883b15]" started-at="2025-12-16T20:56:38 IST" name="testcaseDetails" finished-at="2025-12-16T20:56:38 IST" duration-ms="0" status="PASS">
          <reporter-output>
          </reporter-output>
        </test-method> <!-- testcaseDetails -->
        <test-method is-config="true" signature="preCond()[pri:0, instance:testcases.TC004_Request_Loan@4a883b15]" started-at="2025-12-16T20:56:38 IST" name="preCond" finished-at="2025-12-16T20:56:42 IST" duration-ms="4144" status="PASS">
          <reporter-output>
          </reporter-output>
        </test-method> <!-- preCond -->
        <test-method signature="requestLoanFlow(java.lang.String,java.lang.String,java.lang.String,java.lang.String,java.lang.String,java.lang.String)[pri:0, instance:testcases.TC004_Request_Loan@4a883b15]" started-at="2025-12-16T20:56:42 IST" name="requestLoanFlow" data-provider="getData" depends-on-groups="openNewAccountFlow" finished-at="2025-12-16T20:56:52 IST" duration-ms="10498" status="PASS">
          <params>
            <param index="0">
              <value>
                <![CDATA[john]]>
              </value>
            </param>
            <param index="1">
              <value>
                <![CDATA[demo]]>
              </value>
            </param>
            <param index="2">
              <value>
                <![CDATA[2500000]]>
              </value>
            </param>
            <param index="3">
              <value>
                <![CDATA[2500]]>
              </value>
            </param>
            <param index="4">
              <value>
                <![CDATA[13344]]>
              </value>
            </param>
            <param index="5">
              <value>
                <![CDATA[Denied]]>
              </value>
            </param>
          </params>
          <reporter-output>
          </reporter-output>
        </test-method> <!-- requestLoanFlow -->
        <test-method is-config="true" signature="postCond()[pri:0, instance:testcases.TC004_Request_Loan@4a883b15]" started-at="2025-12-16T20:56:52 IST" name="postCond" finished-at="2025-12-16T20:56:53 IST" duration-ms="632" status="PASS">
          <reporter-output>
          </reporter-output>
        </test-method> <!-- postCond -->
      </class> <!-- testcases.TC004_Request_Loan -->
      <class name="testcases.TC001_Logout_Application">
        <test-method is-config="true" signature="reportsGenerate()[pri:0, instance:testcases.TC001_Logout_Application@5d534f5d]" started-at="2025-12-16T20:54:28 IST" name="reportsGenerate" finished-at="2025-12-16T20:54:28 IST" duration-ms="460" status="PASS">
          <reporter-output>
          </reporter-output>
        </test-method> <!-- reportsGenerate -->
        <test-method is-config="true" signature="setData()[pri:0, instance:testcases.TC001_Logout_Application@5d534f5d]" started-at="2025-12-16T20:54:28 IST" name="setData" finished-at="2025-12-16T20:54:28 IST" duration-ms="1" status="PASS">
          <reporter-output>
          </reporter-output>
        </test-method> <!-- setData -->
        <test-method is-config="true" signature="testcaseDetails()[pri:0, instance:testcases.TC001_Logout_Application@5d534f5d]" started-at="2025-12-16T20:54:28 IST" name="testcaseDetails" finished-at="2025-12-16T20:54:28 IST" duration-ms="2" status="PASS">
          <reporter-output>
          </reporter-output>
        </test-method> <!-- testcaseDetails -->
        <test-method is-config="true" signature="preCond()[pri:0, instance:testcases.TC001_Logout_Application@5d534f5d]" started-at="2025-12-16T20:54:29 IST" name="preCond" finished-at="2025-12-16T20:54:34 IST" duration-ms="5607" status="PASS">
          <reporter-output>
          </reporter-output>
        </test-method> <!-- preCond -->
        <test-method signature="logoutApplication(java.lang.String,java.lang.String)[pri:0, instance:testcases.TC001_Logout_Application@5d534f5d]" started-at="2025-12-16T20:54:34 IST" name="logoutApplication" data-provider="getData" finished-at="2025-12-16T20:54:46 IST" duration-ms="11875" status="PASS">
          <params>
            <param index="0">
              <value>
                <![CDATA[john]]>
              </value>
            </param>
            <param index="1">
              <value>
                <![CDATA[demo]]>
              </value>
            </param>
          </params>
          <reporter-output>
          </reporter-output>
        </test-method> <!-- logoutApplication -->
        <test-method is-config="true" signature="postCond()[pri:0, instance:testcases.TC001_Logout_Application@5d534f5d]" started-at="2025-12-16T20:54:46 IST" name="postCond" finished-at="2025-12-16T20:54:47 IST" duration-ms="634" status="PASS">
          <reporter-output>
          </reporter-output>
        </test-method> <!-- postCond -->
        <test-method is-config="true" signature="closeReport()[pri:0, instance:testcases.TC001_Logout_Application@5d534f5d]" started-at="2025-12-16T20:56:53 IST" name="closeReport" finished-at="2025-12-16T20:56:53 IST" duration-ms="267" status="PASS">
          <reporter-output>
          </reporter-output>
        </test-method> <!-- closeReport -->
      </class> <!-- testcases.TC001_Logout_Application -->
    </test> <!-- Test -->
  </suite> <!-- Suite -->
</testng-results>
