<?xml version="1.0" encoding="UTF-8"?>
<testng-results ignored="0" total="4" passed="4" failed="0" skipped="0">
  <reporter-output>
  </reporter-output>
  <suite started-at="2025-12-08T19:40:10 IST" name="Suite" finished-at="2025-12-08T19:41:17 IST" duration-ms="66558">
    <groups>
      <group name="requestLoanFlow">
        <method signature="TC004_Request_Loan.requestLoanFlow(java.lang.String,java.lang.String,java.lang.String,java.lang.String,java.lang.String,java.lang.String)[pri:0, instance:testcases.TC004_Request_Loan@5a45133e]" name="requestLoanFlow" class="testcases.TC004_Request_Loan"/>
      </group> <!-- requestLoanFlow -->
      <group name="openNewAccountFlow">
        <method signature="TC002_Open_New_Account.openNewAccountFlow(java.lang.String,java.lang.String,java.lang.String,java.lang.String)[pri:0, instance:testcases.TC002_Open_New_Account@942a29c]" name="openNewAccountFlow" class="testcases.TC002_Open_New_Account"/>
      </group> <!-- openNewAccountFlow -->
      <group name="transferFundsFlow">
        <method signature="TC003_Transfer_Funds.transferFundsFlow(java.lang.String,java.lang.String,java.lang.String,java.lang.String,java.lang.String)[pri:0, instance:testcases.TC003_Transfer_Funds@1ed6388a]" name="transferFundsFlow" class="testcases.TC003_Transfer_Funds"/>
      </group> <!-- transferFundsFlow -->
      <group name="logoutApplication">
        <method signature="TC001_Logout_Application.logoutApplication(java.lang.String,java.lang.String)[pri:0, instance:testcases.TC001_Logout_Application@7db12bb6]" name="logoutApplication" class="testcases.TC001_Logout_Application"/>
      </group> <!-- logoutApplication -->
    </groups>
    <test started-at="2025-12-08T19:40:10 IST" name="Test" finished-at="2025-12-08T19:41:17 IST" duration-ms="66558">
      <class name="testcases.TC003_Transfer_Funds">
        <test-method is-config="true" signature="setData()[pri:0, instance:testcases.TC003_Transfer_Funds@1ed6388a]" started-at="2025-12-08T19:40:10 IST" name="setData" finished-at="2025-12-08T19:40:10 IST" duration-ms="0" status="PASS">
          <reporter-output>
          </reporter-output>
        </test-method> <!-- setData -->
        <test-method is-config="true" signature="preCond()[pri:0, instance:testcases.TC003_Transfer_Funds@1ed6388a]" started-at="2025-12-08T19:40:29 IST" name="preCond" finished-at="2025-12-08T19:40:32 IST" duration-ms="3254" status="PASS">
          <reporter-output>
          </reporter-output>
        </test-method> <!-- preCond -->
        <test-method signature="transferFundsFlow(java.lang.String,java.lang.String,java.lang.String,java.lang.String,java.lang.String)[pri:0, instance:testcases.TC003_Transfer_Funds@1ed6388a]" started-at="2025-12-08T19:40:32 IST" name="transferFundsFlow" data-provider="getData" depends-on-groups="logoutApplication" finished-at="2025-12-08T19:40:52 IST" duration-ms="20303" status="PASS">
          <params>
            <param index="0">
              <value>
                <![CDATA[john]]>
              </value>
            </param>
            <param index="1">
              <value>
                <![CDATA[demo]]>
              </value>
            </param>
            <param index="2">
              <value>
                <![CDATA[250]]>
              </value>
            </param>
            <param index="3">
              <value>
                <![CDATA[13344]]>
              </value>
            </param>
            <param index="4">
              <value>
                <![CDATA[13344]]>
              </value>
            </param>
          </params>
          <reporter-output>
          </reporter-output>
        </test-method> <!-- transferFundsFlow -->
        <test-method is-config="true" signature="postCond()[pri:0, instance:testcases.TC003_Transfer_Funds@1ed6388a]" started-at="2025-12-08T19:40:52 IST" name="postCond" finished-at="2025-12-08T19:40:53 IST" duration-ms="586" status="PASS">
          <reporter-output>
          </reporter-output>
        </test-method> <!-- postCond -->
      </class> <!-- testcases.TC003_Transfer_Funds -->
      <class name="testcases.TC002_Open_New_Account">
        <test-method is-config="true" signature="setData()[pri:0, instance:testcases.TC002_Open_New_Account@942a29c]" started-at="2025-12-08T19:40:10 IST" name="setData" finished-at="2025-12-08T19:40:10 IST" duration-ms="1" status="PASS">
          <reporter-output>
          </reporter-output>
        </test-method> <!-- setData -->
        <test-method is-config="true" signature="preCond()[pri:0, instance:testcases.TC002_Open_New_Account@942a29c]" started-at="2025-12-08T19:40:53 IST" name="preCond" finished-at="2025-12-08T19:40:56 IST" duration-ms="3311" status="PASS">
          <reporter-output>
          </reporter-output>
        </test-method> <!-- preCond -->
        <test-method signature="openNewAccountFlow(java.lang.String,java.lang.String,java.lang.String,java.lang.String)[pri:0, instance:testcases.TC002_Open_New_Account@942a29c]" started-at="2025-12-08T19:40:56 IST" name="openNewAccountFlow" data-provider="getData" depends-on-groups="transferFundsFlow" finished-at="2025-12-08T19:41:07 IST" duration-ms="11060" status="PASS">
          <params>
            <param index="0">
              <value>
                <![CDATA[john]]>
              </value>
            </param>
            <param index="1">
              <value>
                <![CDATA[demo]]>
              </value>
            </param>
            <param index="2">
              <value>
                <![CDATA[SAVINGS]]>
              </value>
            </param>
            <param index="3">
              <value>
                <![CDATA[13344]]>
              </value>
            </param>
          </params>
          <reporter-output>
          </reporter-output>
        </test-method> <!-- openNewAccountFlow -->
        <test-method is-config="true" signature="postCond()[pri:0, instance:testcases.TC002_Open_New_Account@942a29c]" started-at="2025-12-08T19:41:07 IST" name="postCond" finished-at="2025-12-08T19:41:08 IST" duration-ms="586" status="PASS">
          <reporter-output>
          </reporter-output>
        </test-method> <!-- postCond -->
      </class> <!-- testcases.TC002_Open_New_Account -->
      <class name="testcases.TC004_Request_Loan">
        <test-method is-config="true" signature="setData()[pri:0, instance:testcases.TC004_Request_Loan@5a45133e]" started-at="2025-12-08T19:40:10 IST" name="setData" finished-at="2025-12-08T19:40:10 IST" duration-ms="0" status="PASS">
          <reporter-output>
          </reporter-output>
        </test-method> <!-- setData -->
        <test-method is-config="true" signature="preCond()[pri:0, instance:testcases.TC004_Request_Loan@5a45133e]" started-at="2025-12-08T19:41:08 IST" name="preCond" finished-at="2025-12-08T19:41:11 IST" duration-ms="3415" status="PASS">
          <reporter-output>
          </reporter-output>
        </test-method> <!-- preCond -->
        <test-method signature="requestLoanFlow(java.lang.String,java.lang.String,java.lang.String,java.lang.String,java.lang.String,java.lang.String)[pri:0, instance:testcases.TC004_Request_Loan@5a45133e]" started-at="2025-12-08T19:41:11 IST" name="requestLoanFlow" data-provider="getData" depends-on-groups="openNewAccountFlow" finished-at="2025-12-08T19:41:16 IST" duration-ms="5155" status="PASS">
          <params>
            <param index="0">
              <value>
                <![CDATA[john]]>
              </value>
            </param>
            <param index="1">
              <value>
                <![CDATA[demo]]>
              </value>
            </param>
            <param index="2">
              <value>
                <![CDATA[2500000]]>
              </value>
            </param>
            <param index="3">
              <value>
                <![CDATA[2500]]>
              </value>
            </param>
            <param index="4">
              <value>
                <![CDATA[13344]]>
              </value>
            </param>
            <param index="5">
              <value>
                <![CDATA[Denied]]>
              </value>
            </param>
          </params>
          <reporter-output>
          </reporter-output>
        </test-method> <!-- requestLoanFlow -->
        <test-method is-config="true" signature="postCond()[pri:0, instance:testcases.TC004_Request_Loan@5a45133e]" started-at="2025-12-08T19:41:16 IST" name="postCond" finished-at="2025-12-08T19:41:17 IST" duration-ms="528" status="PASS">
          <reporter-output>
          </reporter-output>
        </test-method> <!-- postCond -->
      </class> <!-- testcases.TC004_Request_Loan -->
      <class name="testcases.TC001_Logout_Application">
        <test-method is-config="true" signature="setData()[pri:0, instance:testcases.TC001_Logout_Application@7db12bb6]" started-at="2025-12-08T19:40:10 IST" name="setData" finished-at="2025-12-08T19:40:10 IST" duration-ms="9" status="PASS">
          <reporter-output>
          </reporter-output>
        </test-method> <!-- setData -->
        <test-method is-config="true" signature="preCond()[pri:0, instance:testcases.TC001_Logout_Application@7db12bb6]" started-at="2025-12-08T19:40:11 IST" name="preCond" finished-at="2025-12-08T19:40:21 IST" duration-ms="9064" status="PASS">
          <reporter-output>
          </reporter-output>
        </test-method> <!-- preCond -->
        <test-method signature="logoutApplication(java.lang.String,java.lang.String)[pri:0, instance:testcases.TC001_Logout_Application@7db12bb6]" started-at="2025-12-08T19:40:21 IST" name="logoutApplication" data-provider="getData" finished-at="2025-12-08T19:40:28 IST" duration-ms="7372" status="PASS">
          <params>
            <param index="0">
              <value>
                <![CDATA[john]]>
              </value>
            </param>
            <param index="1">
              <value>
                <![CDATA[demo]]>
              </value>
            </param>
          </params>
          <reporter-output>
          </reporter-output>
        </test-method> <!-- logoutApplication -->
        <test-method is-config="true" signature="postCond()[pri:0, instance:testcases.TC001_Logout_Application@7db12bb6]" started-at="2025-12-08T19:40:28 IST" name="postCond" finished-at="2025-12-08T19:40:29 IST" duration-ms="643" status="PASS">
          <reporter-output>
          </reporter-output>
        </test-method> <!-- postCond -->
      </class> <!-- testcases.TC001_Logout_Application -->
    </test> <!-- Test -->
  </suite> <!-- Suite -->
</testng-results>
