<?xml version="1.0" encoding="UTF-8"?>
<testng-results ignored="6" total="10" passed="3" failed="1" skipped="0">
  <reporter-output>
  </reporter-output>
  <suite started-at="2026-01-04T15:48:49 IST" name="Suite" finished-at="2026-01-04T15:50:13 IST" duration-ms="83618">
    <groups>
    </groups>
    <test started-at="2026-01-04T15:48:49 IST" name="Test" finished-at="2026-01-04T15:50:13 IST" duration-ms="83618">
      <class name="testcases.TC003_Transfer_Funds">
        <test-method is-config="true" signature="setData()[pri:0, instance:testcases.TC003_Transfer_Funds@f09733f]" started-at="2026-01-04T15:48:49 IST" name="setData" finished-at="2026-01-04T15:48:49 IST" duration-ms="0" status="PASS">
          <reporter-output>
          </reporter-output>
        </test-method> <!-- setData -->
        <test-method is-config="true" signature="testcaseDetails()[pri:0, instance:testcases.TC003_Transfer_Funds@f09733f]" started-at="2026-01-04T15:49:33 IST" name="testcaseDetails" finished-at="2026-01-04T15:49:33 IST" duration-ms="2" status="PASS">
          <reporter-output>
          </reporter-output>
        </test-method> <!-- testcaseDetails -->
        <test-method is-config="true" signature="preCond()[pri:0, instance:testcases.TC003_Transfer_Funds@f09733f]" started-at="2026-01-04T15:49:33 IST" name="preCond" finished-at="2026-01-04T15:49:38 IST" duration-ms="4911" status="PASS">
          <reporter-output>
          </reporter-output>
        </test-method> <!-- preCond -->
        <test-method signature="transferFundsFlow(java.lang.String,java.lang.String,java.lang.String,java.lang.String,java.lang.String)[pri:0, instance:testcases.TC003_Transfer_Funds@f09733f]" started-at="2026-01-04T15:49:38 IST" name="transferFundsFlow" data-provider="getData" finished-at="2026-01-04T15:50:01 IST" duration-ms="22434" status="PASS">
          <params>
            <param index="0">
              <value>
                <![CDATA[john]]>
              </value>
            </param>
            <param index="1">
              <value>
                <![CDATA[demo]]>
              </value>
            </param>
            <param index="2">
              <value>
                <![CDATA[250]]>
              </value>
            </param>
            <param index="3">
              <value>
                <![CDATA[13344]]>
              </value>
            </param>
            <param index="4">
              <value>
                <![CDATA[13344]]>
              </value>
            </param>
          </params>
          <reporter-output>
          </reporter-output>
        </test-method> <!-- transferFundsFlow -->
        <test-method is-config="true" signature="postCond()[pri:0, instance:testcases.TC003_Transfer_Funds@f09733f]" started-at="2026-01-04T15:50:01 IST" name="postCond" finished-at="2026-01-04T15:50:01 IST" duration-ms="631" status="PASS">
          <reporter-output>
          </reporter-output>
        </test-method> <!-- postCond -->
      </class> <!-- testcases.TC003_Transfer_Funds -->
      <class name="testcases.TC002_Open_New_Account">
        <test-method is-config="true" signature="setData()[pri:0, instance:testcases.TC002_Open_New_Account@4b45a2f5]" started-at="2026-01-04T15:48:49 IST" name="setData" finished-at="2026-01-04T15:48:49 IST" duration-ms="0" status="PASS">
          <reporter-output>
          </reporter-output>
        </test-method> <!-- setData -->
        <test-method is-config="true" signature="testcaseDetails()[pri:0, instance:testcases.TC002_Open_New_Account@4b45a2f5]" started-at="2026-01-04T15:49:10 IST" name="testcaseDetails" finished-at="2026-01-04T15:49:10 IST" duration-ms="0" status="PASS">
          <reporter-output>
          </reporter-output>
        </test-method> <!-- testcaseDetails -->
        <test-method is-config="true" signature="preCond()[pri:0, instance:testcases.TC002_Open_New_Account@4b45a2f5]" started-at="2026-01-04T15:49:10 IST" name="preCond" finished-at="2026-01-04T15:49:15 IST" duration-ms="4902" status="PASS">
          <reporter-output>
          </reporter-output>
        </test-method> <!-- preCond -->
        <test-method signature="openNewAccountFlow(java.lang.String,java.lang.String,java.lang.String,java.lang.String)[pri:0, instance:testcases.TC002_Open_New_Account@4b45a2f5]" started-at="2026-01-04T15:49:15 IST" name="openNewAccountFlow" data-provider="getData" finished-at="2026-01-04T15:49:33 IST" duration-ms="17746" status="PASS">
          <params>
            <param index="0">
              <value>
                <![CDATA[john]]>
              </value>
            </param>
            <param index="1">
              <value>
                <![CDATA[demo]]>
              </value>
            </param>
            <param index="2">
              <value>
                <![CDATA[SAVINGS]]>
              </value>
            </param>
            <param index="3">
              <value>
                <![CDATA[13344]]>
              </value>
            </param>
          </params>
          <reporter-output>
          </reporter-output>
        </test-method> <!-- openNewAccountFlow -->
        <test-method is-config="true" signature="postCond()[pri:0, instance:testcases.TC002_Open_New_Account@4b45a2f5]" started-at="2026-01-04T15:49:33 IST" name="postCond" finished-at="2026-01-04T15:49:33 IST" duration-ms="476" status="PASS">
          <reporter-output>
          </reporter-output>
        </test-method> <!-- postCond -->
      </class> <!-- testcases.TC002_Open_New_Account -->
      <class name="testcases.TC004_Request_Loan">
        <test-method is-config="true" signature="setData()[pri:0, instance:testcases.TC004_Request_Loan@e350b40]" started-at="2026-01-04T15:48:49 IST" name="setData" finished-at="2026-01-04T15:48:49 IST" duration-ms="0" status="PASS">
          <reporter-output>
          </reporter-output>
        </test-method> <!-- setData -->
        <test-method is-config="true" signature="testcaseDetails()[pri:0, instance:testcases.TC004_Request_Loan@e350b40]" started-at="2026-01-04T15:50:01 IST" name="testcaseDetails" finished-at="2026-01-04T15:50:01 IST" duration-ms="0" status="PASS">
          <reporter-output>
          </reporter-output>
        </test-method> <!-- testcaseDetails -->
        <test-method is-config="true" signature="preCond()[pri:0, instance:testcases.TC004_Request_Loan@e350b40]" started-at="2026-01-04T15:50:01 IST" name="preCond" finished-at="2026-01-04T15:50:05 IST" duration-ms="3689" status="PASS">
          <reporter-output>
          </reporter-output>
        </test-method> <!-- preCond -->
        <test-method signature="requestLoanFlow(java.lang.String,java.lang.String,java.lang.String,java.lang.String,java.lang.String,java.lang.String)[pri:0, instance:testcases.TC004_Request_Loan@e350b40]" started-at="2026-01-04T15:50:05 IST" name="requestLoanFlow" data-provider="getData" finished-at="2026-01-04T15:50:12 IST" duration-ms="7297" status="FAIL">
          <params>
            <param index="0">
              <value>
                <![CDATA[john]]>
              </value>
            </param>
            <param index="1">
              <value>
                <![CDATA[demo]]>
              </value>
            </param>
            <param index="2">
              <value>
                <![CDATA[2500000]]>
              </value>
            </param>
            <param index="3">
              <value>
                <![CDATA[2500]]>
              </value>
            </param>
            <param index="4">
              <value>
                <![CDATA[13344]]>
              </value>
            </param>
            <param index="5">
              <value>
                <![CDATA[Denied]]>
              </value>
            </param>
          </params>
          <exception class="java.lang.AssertionError">
            <message>
              <![CDATA[Loan Apply Flow Failed Due To Technical Reason]]>
            </message>
            <full-stacktrace>
              <![CDATA[java.lang.AssertionError: Loan Apply Flow Failed Due To Technical Reason
at org.testng.Assert.fail(Assert.java:99)
at pages.Request_Loan_Final_Screen.verifyLoanApplyFinalScreen(Request_Loan_Final_Screen.java:30)
at testcases.TC004_Request_Loan.requestLoanFlow(TC004_Request_Loan.java:34)
at java.base/jdk.internal.reflect.NativeMethodAccessorImpl.invoke0(Native Method)
at java.base/jdk.internal.reflect.NativeMethodAccessorImpl.invoke(NativeMethodAccessorImpl.java:77)
at java.base/jdk.internal.reflect.DelegatingMethodAccessorImpl.invoke(DelegatingMethodAccessorImpl.java:43)
at java.base/java.lang.reflect.Method.invoke(Method.java:568)
at org.testng.internal.MethodInvocationHelper.invokeMethod(MethodInvocationHelper.java:133)
at org.testng.internal.TestInvoker.invokeMethod(TestInvoker.java:598)
at org.testng.internal.TestInvoker.invokeTestMethod(TestInvoker.java:173)
at org.testng.internal.MethodRunner.runInSequence(MethodRunner.java:46)
at org.testng.internal.TestInvoker$MethodInvocationAgent.invoke(TestInvoker.java:824)
at org.testng.internal.TestInvoker.invokeTestMethods(TestInvoker.java:146)
at org.testng.internal.TestMethodWorker.invokeTestMethods(TestMethodWorker.java:146)
at org.testng.internal.TestMethodWorker.run(TestMethodWorker.java:128)
at java.base/java.util.ArrayList.forEach(ArrayList.java:1511)
at org.testng.TestRunner.privateRun(TestRunner.java:794)
at org.testng.TestRunner.run(TestRunner.java:596)
at org.testng.SuiteRunner.runTest(SuiteRunner.java:377)
at org.testng.SuiteRunner.runSequentially(SuiteRunner.java:371)
at org.testng.SuiteRunner.privateRun(SuiteRunner.java:332)
at org.testng.SuiteRunner.run(SuiteRunner.java:276)
at org.testng.SuiteRunnerWorker.runSuite(SuiteRunnerWorker.java:53)
at org.testng.SuiteRunnerWorker.run(SuiteRunnerWorker.java:96)
at org.testng.TestNG.runSuitesSequentially(TestNG.java:1212)
at org.testng.TestNG.runSuitesLocally(TestNG.java:1134)
at org.testng.TestNG.runSuites(TestNG.java:1063)
at org.testng.TestNG.run(TestNG.java:1031)
at org.testng.remote.AbstractRemoteTestNG.run(AbstractRemoteTestNG.java:115)
at org.testng.remote.RemoteTestNG.initAndRun(RemoteTestNG.java:251)
at org.testng.remote.RemoteTestNG.main(RemoteTestNG.java:77)
]]>
            </full-stacktrace>
          </exception> <!-- java.lang.AssertionError -->
          <reporter-output>
          </reporter-output>
        </test-method> <!-- requestLoanFlow -->
        <test-method is-config="true" signature="postCond()[pri:0, instance:testcases.TC004_Request_Loan@e350b40]" started-at="2026-01-04T15:50:12 IST" name="postCond" finished-at="2026-01-04T15:50:13 IST" duration-ms="544" status="PASS">
          <reporter-output>
          </reporter-output>
        </test-method> <!-- postCond -->
      </class> <!-- testcases.TC004_Request_Loan -->
      <class name="testcases.TC001_Logout_Application">
        <test-method is-config="true" signature="reportsGenerate()[pri:0, instance:testcases.TC001_Logout_Application@5677323c]" started-at="2026-01-04T15:48:49 IST" name="reportsGenerate" finished-at="2026-01-04T15:48:49 IST" duration-ms="190" status="PASS">
          <reporter-output>
          </reporter-output>
        </test-method> <!-- reportsGenerate -->
        <test-method is-config="true" signature="setData()[pri:0, instance:testcases.TC001_Logout_Application@5677323c]" started-at="2026-01-04T15:48:49 IST" name="setData" finished-at="2026-01-04T15:48:49 IST" duration-ms="1" status="PASS">
          <reporter-output>
          </reporter-output>
        </test-method> <!-- setData -->
        <test-method is-config="true" signature="testcaseDetails()[pri:0, instance:testcases.TC001_Logout_Application@5677323c]" started-at="2026-01-04T15:48:49 IST" name="testcaseDetails" finished-at="2026-01-04T15:48:49 IST" duration-ms="10" status="PASS">
          <reporter-output>
          </reporter-output>
        </test-method> <!-- testcaseDetails -->
        <test-method is-config="true" signature="preCond()[pri:0, instance:testcases.TC001_Logout_Application@5677323c]" started-at="2026-01-04T15:48:50 IST" name="preCond" finished-at="2026-01-04T15:48:57 IST" duration-ms="7251" status="PASS">
          <reporter-output>
          </reporter-output>
        </test-method> <!-- preCond -->
        <test-method signature="logoutApplication(java.lang.String,java.lang.String)[pri:0, instance:testcases.TC001_Logout_Application@5677323c]" started-at="2026-01-04T15:48:57 IST" name="logoutApplication" data-provider="getData" finished-at="2026-01-04T15:49:10 IST" duration-ms="12360" status="PASS">
          <params>
            <param index="0">
              <value>
                <![CDATA[john]]>
              </value>
            </param>
            <param index="1">
              <value>
                <![CDATA[demo]]>
              </value>
            </param>
          </params>
          <reporter-output>
          </reporter-output>
        </test-method> <!-- logoutApplication -->
        <test-method is-config="true" signature="postCond()[pri:0, instance:testcases.TC001_Logout_Application@5677323c]" started-at="2026-01-04T15:49:10 IST" name="postCond" finished-at="2026-01-04T15:49:10 IST" duration-ms="514" status="PASS">
          <reporter-output>
          </reporter-output>
        </test-method> <!-- postCond -->
        <test-method is-config="true" signature="closeReport()[pri:0, instance:testcases.TC001_Logout_Application@5677323c]" started-at="2026-01-04T15:50:13 IST" name="closeReport" finished-at="2026-01-04T15:50:13 IST" duration-ms="261" status="PASS">
          <reporter-output>
          </reporter-output>
        </test-method> <!-- closeReport -->
      </class> <!-- testcases.TC001_Logout_Application -->
    </test> <!-- Test -->
  </suite> <!-- Suite -->
</testng-results>
