<?xml version="1.0" encoding="UTF-8"?>
<testng-results ignored="6" total="10" passed="4" failed="0" skipped="0">
  <reporter-output>
  </reporter-output>
  <suite started-at="2025-12-21T17:02:55 IST" name="Suite" finished-at="2025-12-21T17:04:15 IST" duration-ms="79502">
    <groups>
      <group name="requestLoanFlow">
        <method signature="TC004_Request_Loan.requestLoanFlow(java.lang.String,java.lang.String,java.lang.String,java.lang.String,java.lang.String,java.lang.String)[pri:0, instance:testcases.TC004_Request_Loan@4a883b15]" name="requestLoanFlow" class="testcases.TC004_Request_Loan"/>
      </group> <!-- requestLoanFlow -->
      <group name="openNewAccountFlow">
        <method signature="TC002_Open_New_Account.openNewAccountFlow(java.lang.String,java.lang.String,java.lang.String,java.lang.String)[pri:0, instance:testcases.TC002_Open_New_Account@52719fb6]" name="openNewAccountFlow" class="testcases.TC002_Open_New_Account"/>
      </group> <!-- openNewAccountFlow -->
      <group name="transferFundsFlow">
        <method signature="TC003_Transfer_Funds.transferFundsFlow(java.lang.String,java.lang.String,java.lang.String,java.lang.String,java.lang.String)[pri:0, instance:testcases.TC003_Transfer_Funds@3012646b]" name="transferFundsFlow" class="testcases.TC003_Transfer_Funds"/>
      </group> <!-- transferFundsFlow -->
      <group name="logoutApplication">
        <method signature="TC001_Logout_Application.logoutApplication(java.lang.String,java.lang.String)[pri:0, instance:testcases.TC001_Logout_Application@5d534f5d]" name="logoutApplication" class="testcases.TC001_Logout_Application"/>
      </group> <!-- logoutApplication -->
    </groups>
    <test started-at="2025-12-21T17:02:55 IST" name="Test" finished-at="2025-12-21T17:04:15 IST" duration-ms="79502">
      <class name="testcases.TC003_Transfer_Funds">
        <test-method is-config="true" signature="setData()[pri:0, instance:testcases.TC003_Transfer_Funds@3012646b]" started-at="2025-12-21T17:02:55 IST" name="setData" finished-at="2025-12-21T17:02:55 IST" duration-ms="0" status="PASS">
          <reporter-output>
          </reporter-output>
        </test-method> <!-- setData -->
        <test-method is-config="true" signature="testcaseDetails()[pri:0, instance:testcases.TC003_Transfer_Funds@3012646b]" started-at="2025-12-21T17:03:14 IST" name="testcaseDetails" finished-at="2025-12-21T17:03:14 IST" duration-ms="1" status="PASS">
          <reporter-output>
          </reporter-output>
        </test-method> <!-- testcaseDetails -->
        <test-method is-config="true" signature="preCond()[pri:0, instance:testcases.TC003_Transfer_Funds@3012646b]" started-at="2025-12-21T17:03:14 IST" name="preCond" finished-at="2025-12-21T17:03:19 IST" duration-ms="5232" status="PASS">
          <reporter-output>
          </reporter-output>
        </test-method> <!-- preCond -->
        <test-method signature="transferFundsFlow(java.lang.String,java.lang.String,java.lang.String,java.lang.String,java.lang.String)[pri:0, instance:testcases.TC003_Transfer_Funds@3012646b]" started-at="2025-12-21T17:03:19 IST" name="transferFundsFlow" data-provider="getData" depends-on-groups="logoutApplication" finished-at="2025-12-21T17:03:42 IST" duration-ms="23047" status="PASS">
          <params>
            <param index="0">
              <value>
                <![CDATA[john]]>
              </value>
            </param>
            <param index="1">
              <value>
                <![CDATA[demo]]>
              </value>
            </param>
            <param index="2">
              <value>
                <![CDATA[250]]>
              </value>
            </param>
            <param index="3">
              <value>
                <![CDATA[13344]]>
              </value>
            </param>
            <param index="4">
              <value>
                <![CDATA[13344]]>
              </value>
            </param>
          </params>
          <reporter-output>
          </reporter-output>
        </test-method> <!-- transferFundsFlow -->
        <test-method is-config="true" signature="postCond()[pri:0, instance:testcases.TC003_Transfer_Funds@3012646b]" started-at="2025-12-21T17:03:42 IST" name="postCond" finished-at="2025-12-21T17:03:43 IST" duration-ms="600" status="PASS">
          <reporter-output>
          </reporter-output>
        </test-method> <!-- postCond -->
      </class> <!-- testcases.TC003_Transfer_Funds -->
      <class name="testcases.TC002_Open_New_Account">
        <test-method is-config="true" signature="setData()[pri:0, instance:testcases.TC002_Open_New_Account@52719fb6]" started-at="2025-12-21T17:02:55 IST" name="setData" finished-at="2025-12-21T17:02:55 IST" duration-ms="0" status="PASS">
          <reporter-output>
          </reporter-output>
        </test-method> <!-- setData -->
        <test-method is-config="true" signature="testcaseDetails()[pri:0, instance:testcases.TC002_Open_New_Account@52719fb6]" started-at="2025-12-21T17:03:43 IST" name="testcaseDetails" finished-at="2025-12-21T17:03:43 IST" duration-ms="0" status="PASS">
          <reporter-output>
          </reporter-output>
        </test-method> <!-- testcaseDetails -->
        <test-method is-config="true" signature="preCond()[pri:0, instance:testcases.TC002_Open_New_Account@52719fb6]" started-at="2025-12-21T17:03:43 IST" name="preCond" finished-at="2025-12-21T17:03:47 IST" duration-ms="4533" status="PASS">
          <reporter-output>
          </reporter-output>
        </test-method> <!-- preCond -->
        <test-method signature="openNewAccountFlow(java.lang.String,java.lang.String,java.lang.String,java.lang.String)[pri:0, instance:testcases.TC002_Open_New_Account@52719fb6]" started-at="2025-12-21T17:03:47 IST" name="openNewAccountFlow" data-provider="getData" depends-on-groups="transferFundsFlow" finished-at="2025-12-21T17:04:01 IST" duration-ms="13726" status="PASS">
          <params>
            <param index="0">
              <value>
                <![CDATA[john]]>
              </value>
            </param>
            <param index="1">
              <value>
                <![CDATA[demo]]>
              </value>
            </param>
            <param index="2">
              <value>
                <![CDATA[SAVINGS]]>
              </value>
            </param>
            <param index="3">
              <value>
                <![CDATA[13344]]>
              </value>
            </param>
          </params>
          <reporter-output>
          </reporter-output>
        </test-method> <!-- openNewAccountFlow -->
        <test-method is-config="true" signature="postCond()[pri:0, instance:testcases.TC002_Open_New_Account@52719fb6]" started-at="2025-12-21T17:04:01 IST" name="postCond" finished-at="2025-12-21T17:04:02 IST" duration-ms="648" status="PASS">
          <reporter-output>
          </reporter-output>
        </test-method> <!-- postCond -->
      </class> <!-- testcases.TC002_Open_New_Account -->
      <class name="testcases.TC004_Request_Loan">
        <test-method is-config="true" signature="setData()[pri:0, instance:testcases.TC004_Request_Loan@4a883b15]" started-at="2025-12-21T17:02:55 IST" name="setData" finished-at="2025-12-21T17:02:55 IST" duration-ms="0" status="PASS">
          <reporter-output>
          </reporter-output>
        </test-method> <!-- setData -->
        <test-method is-config="true" signature="testcaseDetails()[pri:0, instance:testcases.TC004_Request_Loan@4a883b15]" started-at="2025-12-21T17:04:02 IST" name="testcaseDetails" finished-at="2025-12-21T17:04:02 IST" duration-ms="0" status="PASS">
          <reporter-output>
          </reporter-output>
        </test-method> <!-- testcaseDetails -->
        <test-method is-config="true" signature="preCond()[pri:0, instance:testcases.TC004_Request_Loan@4a883b15]" started-at="2025-12-21T17:04:02 IST" name="preCond" finished-at="2025-12-21T17:04:07 IST" duration-ms="5063" status="PASS">
          <reporter-output>
          </reporter-output>
        </test-method> <!-- preCond -->
        <test-method signature="requestLoanFlow(java.lang.String,java.lang.String,java.lang.String,java.lang.String,java.lang.String,java.lang.String)[pri:0, instance:testcases.TC004_Request_Loan@4a883b15]" started-at="2025-12-21T17:04:07 IST" name="requestLoanFlow" data-provider="getData" depends-on-groups="openNewAccountFlow" finished-at="2025-12-21T17:04:14 IST" duration-ms="7318" status="PASS">
          <params>
            <param index="0">
              <value>
                <![CDATA[john]]>
              </value>
            </param>
            <param index="1">
              <value>
                <![CDATA[demo]]>
              </value>
            </param>
            <param index="2">
              <value>
                <![CDATA[2500000]]>
              </value>
            </param>
            <param index="3">
              <value>
                <![CDATA[2500]]>
              </value>
            </param>
            <param index="4">
              <value>
                <![CDATA[13344]]>
              </value>
            </param>
            <param index="5">
              <value>
                <![CDATA[Denied]]>
              </value>
            </param>
          </params>
          <reporter-output>
          </reporter-output>
        </test-method> <!-- requestLoanFlow -->
        <test-method is-config="true" signature="postCond()[pri:0, instance:testcases.TC004_Request_Loan@4a883b15]" started-at="2025-12-21T17:04:14 IST" name="postCond" finished-at="2025-12-21T17:04:15 IST" duration-ms="571" status="PASS">
          <reporter-output>
          </reporter-output>
        </test-method> <!-- postCond -->
      </class> <!-- testcases.TC004_Request_Loan -->
      <class name="testcases.TC001_Logout_Application">
        <test-method is-config="true" signature="reportsGenerate()[pri:0, instance:testcases.TC001_Logout_Application@5d534f5d]" started-at="2025-12-21T17:02:55 IST" name="reportsGenerate" finished-at="2025-12-21T17:02:55 IST" duration-ms="179" status="PASS">
          <reporter-output>
          </reporter-output>
        </test-method> <!-- reportsGenerate -->
        <test-method is-config="true" signature="setData()[pri:0, instance:testcases.TC001_Logout_Application@5d534f5d]" started-at="2025-12-21T17:02:55 IST" name="setData" finished-at="2025-12-21T17:02:55 IST" duration-ms="1" status="PASS">
          <reporter-output>
          </reporter-output>
        </test-method> <!-- setData -->
        <test-method is-config="true" signature="testcaseDetails()[pri:0, instance:testcases.TC001_Logout_Application@5d534f5d]" started-at="2025-12-21T17:02:55 IST" name="testcaseDetails" finished-at="2025-12-21T17:02:55 IST" duration-ms="7" status="PASS">
          <reporter-output>
          </reporter-output>
        </test-method> <!-- testcaseDetails -->
        <test-method is-config="true" signature="preCond()[pri:0, instance:testcases.TC001_Logout_Application@5d534f5d]" started-at="2025-12-21T17:02:56 IST" name="preCond" finished-at="2025-12-21T17:03:01 IST" duration-ms="5405" status="PASS">
          <reporter-output>
          </reporter-output>
        </test-method> <!-- preCond -->
        <test-method signature="logoutApplication(java.lang.String,java.lang.String)[pri:0, instance:testcases.TC001_Logout_Application@5d534f5d]" started-at="2025-12-21T17:03:01 IST" name="logoutApplication" data-provider="getData" finished-at="2025-12-21T17:03:13 IST" duration-ms="11679" status="PASS">
          <params>
            <param index="0">
              <value>
                <![CDATA[john]]>
              </value>
            </param>
            <param index="1">
              <value>
                <![CDATA[demo]]>
              </value>
            </param>
          </params>
          <reporter-output>
          </reporter-output>
        </test-method> <!-- logoutApplication -->
        <test-method is-config="true" signature="postCond()[pri:0, instance:testcases.TC001_Logout_Application@5d534f5d]" started-at="2025-12-21T17:03:13 IST" name="postCond" finished-at="2025-12-21T17:03:14 IST" duration-ms="679" status="PASS">
          <reporter-output>
          </reporter-output>
        </test-method> <!-- postCond -->
        <test-method is-config="true" signature="closeReport()[pri:0, instance:testcases.TC001_Logout_Application@5d534f5d]" started-at="2025-12-21T17:04:15 IST" name="closeReport" finished-at="2025-12-21T17:04:15 IST" duration-ms="296" status="PASS">
          <reporter-output>
          </reporter-output>
        </test-method> <!-- closeReport -->
      </class> <!-- testcases.TC001_Logout_Application -->
    </test> <!-- Test -->
  </suite> <!-- Suite -->
</testng-results>
