<?xml version="1.0" encoding="UTF-8"?>
<testng-results ignored="8" total="13" passed="5" failed="0" skipped="0">
  <reporter-output>
  </reporter-output>
  <suite started-at="2025-12-23T22:22:10 IST" name="Suite" finished-at="2025-12-23T22:23:49 IST" duration-ms="98623">
    <groups>
    </groups>
    <test started-at="2025-12-23T22:22:10 IST" name="Test" finished-at="2025-12-23T22:23:49 IST" duration-ms="98623">
      <class name="testcases.TC003_Transfer_Funds">
        <test-method is-config="true" signature="setData()[pri:0, instance:testcases.TC003_Transfer_Funds@41a0aa7d]" started-at="2025-12-23T22:22:10 IST" name="setData" finished-at="2025-12-23T22:22:10 IST" duration-ms="1" status="PASS">
          <reporter-output>
          </reporter-output>
        </test-method> <!-- setData -->
        <test-method is-config="true" signature="testcaseDetails()[pri:0, instance:testcases.TC003_Transfer_Funds@41a0aa7d]" started-at="2025-12-23T22:22:54 IST" name="testcaseDetails" finished-at="2025-12-23T22:22:54 IST" duration-ms="0" status="PASS">
          <reporter-output>
          </reporter-output>
        </test-method> <!-- testcaseDetails -->
        <test-method is-config="true" signature="preCond()[pri:0, instance:testcases.TC003_Transfer_Funds@41a0aa7d]" started-at="2025-12-23T22:22:54 IST" name="preCond" finished-at="2025-12-23T22:23:00 IST" duration-ms="6196" status="PASS">
          <reporter-output>
          </reporter-output>
        </test-method> <!-- preCond -->
        <test-method signature="transferFundsFlow(java.lang.String,java.lang.String,java.lang.String,java.lang.String,java.lang.String)[pri:0, instance:testcases.TC003_Transfer_Funds@41a0aa7d]" started-at="2025-12-23T22:23:00 IST" name="transferFundsFlow" data-provider="getData" finished-at="2025-12-23T22:23:24 IST" duration-ms="23988" status="PASS">
          <params>
            <param index="0">
              <value>
                <![CDATA[john]]>
              </value>
            </param>
            <param index="1">
              <value>
                <![CDATA[demo]]>
              </value>
            </param>
            <param index="2">
              <value>
                <![CDATA[250]]>
              </value>
            </param>
            <param index="3">
              <value>
                <![CDATA[13344]]>
              </value>
            </param>
            <param index="4">
              <value>
                <![CDATA[13344]]>
              </value>
            </param>
          </params>
          <reporter-output>
          </reporter-output>
        </test-method> <!-- transferFundsFlow -->
        <test-method is-config="true" signature="postCond()[pri:0, instance:testcases.TC003_Transfer_Funds@41a0aa7d]" started-at="2025-12-23T22:23:24 IST" name="postCond" finished-at="2025-12-23T22:23:25 IST" duration-ms="514" status="PASS">
          <reporter-output>
          </reporter-output>
        </test-method> <!-- postCond -->
      </class> <!-- testcases.TC003_Transfer_Funds -->
      <class name="testcases.TC002_Open_New_Account">
        <test-method is-config="true" signature="setData()[pri:0, instance:testcases.TC002_Open_New_Account@e350b40]" started-at="2025-12-23T22:22:10 IST" name="setData" finished-at="2025-12-23T22:22:10 IST" duration-ms="2" status="PASS">
          <reporter-output>
          </reporter-output>
        </test-method> <!-- setData -->
        <test-method is-config="true" signature="testcaseDetails()[pri:0, instance:testcases.TC002_Open_New_Account@e350b40]" started-at="2025-12-23T22:22:31 IST" name="testcaseDetails" finished-at="2025-12-23T22:22:31 IST" duration-ms="0" status="PASS">
          <reporter-output>
          </reporter-output>
        </test-method> <!-- testcaseDetails -->
        <test-method is-config="true" signature="preCond()[pri:0, instance:testcases.TC002_Open_New_Account@e350b40]" started-at="2025-12-23T22:22:31 IST" name="preCond" finished-at="2025-12-23T22:22:39 IST" duration-ms="8011" status="PASS">
          <reporter-output>
          </reporter-output>
        </test-method> <!-- preCond -->
        <test-method signature="openNewAccountFlow(java.lang.String,java.lang.String,java.lang.String,java.lang.String)[pri:0, instance:testcases.TC002_Open_New_Account@e350b40]" started-at="2025-12-23T22:22:39 IST" name="openNewAccountFlow" data-provider="getData" finished-at="2025-12-23T22:22:54 IST" duration-ms="14801" status="PASS">
          <params>
            <param index="0">
              <value>
                <![CDATA[john]]>
              </value>
            </param>
            <param index="1">
              <value>
                <![CDATA[demo]]>
              </value>
            </param>
            <param index="2">
              <value>
                <![CDATA[SAVINGS]]>
              </value>
            </param>
            <param index="3">
              <value>
                <![CDATA[13344]]>
              </value>
            </param>
          </params>
          <reporter-output>
          </reporter-output>
        </test-method> <!-- openNewAccountFlow -->
        <test-method is-config="true" signature="postCond()[pri:0, instance:testcases.TC002_Open_New_Account@e350b40]" started-at="2025-12-23T22:22:54 IST" name="postCond" finished-at="2025-12-23T22:22:54 IST" duration-ms="620" status="PASS">
          <reporter-output>
          </reporter-output>
        </test-method> <!-- postCond -->
      </class> <!-- testcases.TC002_Open_New_Account -->
      <class name="testcases.TC005_BillPayment">
        <test-method is-config="true" signature="setData()[pri:0, instance:testcases.TC005_BillPayment@6340e5f0]" started-at="2025-12-23T22:22:10 IST" name="setData" finished-at="2025-12-23T22:22:10 IST" duration-ms="0" status="PASS">
          <reporter-output>
          </reporter-output>
        </test-method> <!-- setData -->
        <test-method is-config="true" signature="testcaseDetails()[pri:0, instance:testcases.TC005_BillPayment@6340e5f0]" started-at="2025-12-23T22:23:36 IST" name="testcaseDetails" finished-at="2025-12-23T22:23:36 IST" duration-ms="0" status="PASS">
          <reporter-output>
          </reporter-output>
        </test-method> <!-- testcaseDetails -->
        <test-method is-config="true" signature="preCond()[pri:0, instance:testcases.TC005_BillPayment@6340e5f0]" started-at="2025-12-23T22:23:36 IST" name="preCond" finished-at="2025-12-23T22:23:40 IST" duration-ms="3957" status="PASS">
          <reporter-output>
          </reporter-output>
        </test-method> <!-- preCond -->
        <test-method signature="billPayment(java.lang.String,java.lang.String,java.lang.String,java.lang.String,java.lang.String,java.lang.String,java.lang.String,java.lang.String,java.lang.String,java.lang.String,java.lang.String,java.lang.String)[pri:0, instance:testcases.TC005_BillPayment@6340e5f0]" started-at="2025-12-23T22:23:40 IST" name="billPayment" data-provider="getData" finished-at="2025-12-23T22:23:48 IST" duration-ms="8378" status="PASS">
          <params>
            <param index="0">
              <value>
                <![CDATA[john]]>
              </value>
            </param>
            <param index="1">
              <value>
                <![CDATA[demo]]>
              </value>
            </param>
            <param index="2">
              <value>
                <![CDATA[ArunSekar]]>
              </value>
            </param>
            <param index="3">
              <value>
                <![CDATA[Kali Amman Kovil ST]]>
              </value>
            </param>
            <param index="4">
              <value>
                <![CDATA[Theni]]>
              </value>
            </param>
            <param index="5">
              <value>
                <![CDATA[Tamil Nadu]]>
              </value>
            </param>
            <param index="6">
              <value>
                <![CDATA[9876]]>
              </value>
            </param>
            <param index="7">
              <value>
                <![CDATA[9080930255]]>
              </value>
            </param>
            <param index="8">
              <value>
                <![CDATA[5442589635]]>
              </value>
            </param>
            <param index="9">
              <value>
                <![CDATA[5442589635]]>
              </value>
            </param>
            <param index="10">
              <value>
                <![CDATA[850]]>
              </value>
            </param>
            <param index="11">
              <value>
                <![CDATA[13344]]>
              </value>
            </param>
          </params>
          <reporter-output>
          </reporter-output>
        </test-method> <!-- billPayment -->
        <test-method is-config="true" signature="postCond()[pri:0, instance:testcases.TC005_BillPayment@6340e5f0]" started-at="2025-12-23T22:23:48 IST" name="postCond" finished-at="2025-12-23T22:23:49 IST" duration-ms="777" status="PASS">
          <reporter-output>
          </reporter-output>
        </test-method> <!-- postCond -->
      </class> <!-- testcases.TC005_BillPayment -->
      <class name="testcases.TC004_Request_Loan">
        <test-method is-config="true" signature="setData()[pri:0, instance:testcases.TC004_Request_Loan@2794eab6]" started-at="2025-12-23T22:22:10 IST" name="setData" finished-at="2025-12-23T22:22:10 IST" duration-ms="0" status="PASS">
          <reporter-output>
          </reporter-output>
        </test-method> <!-- setData -->
        <test-method is-config="true" signature="testcaseDetails()[pri:0, instance:testcases.TC004_Request_Loan@2794eab6]" started-at="2025-12-23T22:23:25 IST" name="testcaseDetails" finished-at="2025-12-23T22:23:25 IST" duration-ms="1" status="PASS">
          <reporter-output>
          </reporter-output>
        </test-method> <!-- testcaseDetails -->
        <test-method is-config="true" signature="preCond()[pri:0, instance:testcases.TC004_Request_Loan@2794eab6]" started-at="2025-12-23T22:23:25 IST" name="preCond" finished-at="2025-12-23T22:23:29 IST" duration-ms="3677" status="PASS">
          <reporter-output>
          </reporter-output>
        </test-method> <!-- preCond -->
        <test-method signature="requestLoanFlow(java.lang.String,java.lang.String,java.lang.String,java.lang.String,java.lang.String,java.lang.String)[pri:0, instance:testcases.TC004_Request_Loan@2794eab6]" started-at="2025-12-23T22:23:29 IST" name="requestLoanFlow" data-provider="getData" finished-at="2025-12-23T22:23:35 IST" duration-ms="6445" status="PASS">
          <params>
            <param index="0">
              <value>
                <![CDATA[john]]>
              </value>
            </param>
            <param index="1">
              <value>
                <![CDATA[demo]]>
              </value>
            </param>
            <param index="2">
              <value>
                <![CDATA[2500000]]>
              </value>
            </param>
            <param index="3">
              <value>
                <![CDATA[2500]]>
              </value>
            </param>
            <param index="4">
              <value>
                <![CDATA[13344]]>
              </value>
            </param>
            <param index="5">
              <value>
                <![CDATA[Denied]]>
              </value>
            </param>
          </params>
          <reporter-output>
          </reporter-output>
        </test-method> <!-- requestLoanFlow -->
        <test-method is-config="true" signature="postCond()[pri:0, instance:testcases.TC004_Request_Loan@2794eab6]" started-at="2025-12-23T22:23:35 IST" name="postCond" finished-at="2025-12-23T22:23:36 IST" duration-ms="597" status="PASS">
          <reporter-output>
          </reporter-output>
        </test-method> <!-- postCond -->
      </class> <!-- testcases.TC004_Request_Loan -->
      <class name="testcases.TC001_Logout_Application">
        <test-method is-config="true" signature="reportsGenerate()[pri:0, instance:testcases.TC001_Logout_Application@65c7a252]" started-at="2025-12-23T22:22:10 IST" name="reportsGenerate" finished-at="2025-12-23T22:22:10 IST" duration-ms="200" status="PASS">
          <reporter-output>
          </reporter-output>
        </test-method> <!-- reportsGenerate -->
        <test-method is-config="true" signature="setData()[pri:0, instance:testcases.TC001_Logout_Application@65c7a252]" started-at="2025-12-23T22:22:10 IST" name="setData" finished-at="2025-12-23T22:22:10 IST" duration-ms="2" status="PASS">
          <reporter-output>
          </reporter-output>
        </test-method> <!-- setData -->
        <test-method is-config="true" signature="testcaseDetails()[pri:0, instance:testcases.TC001_Logout_Application@65c7a252]" started-at="2025-12-23T22:22:10 IST" name="testcaseDetails" finished-at="2025-12-23T22:22:10 IST" duration-ms="6" status="PASS">
          <reporter-output>
          </reporter-output>
        </test-method> <!-- testcaseDetails -->
        <test-method is-config="true" signature="preCond()[pri:0, instance:testcases.TC001_Logout_Application@65c7a252]" started-at="2025-12-23T22:22:11 IST" name="preCond" finished-at="2025-12-23T22:22:18 IST" duration-ms="6802" status="PASS">
          <reporter-output>
          </reporter-output>
        </test-method> <!-- preCond -->
        <test-method signature="logoutApplication(java.lang.String,java.lang.String)[pri:0, instance:testcases.TC001_Logout_Application@65c7a252]" started-at="2025-12-23T22:22:18 IST" name="logoutApplication" data-provider="getData" finished-at="2025-12-23T22:22:30 IST" duration-ms="12334" status="PASS">
          <params>
            <param index="0">
              <value>
                <![CDATA[john]]>
              </value>
            </param>
            <param index="1">
              <value>
                <![CDATA[demo]]>
              </value>
            </param>
          </params>
          <reporter-output>
          </reporter-output>
        </test-method> <!-- logoutApplication -->
        <test-method is-config="true" signature="postCond()[pri:0, instance:testcases.TC001_Logout_Application@65c7a252]" started-at="2025-12-23T22:22:30 IST" name="postCond" finished-at="2025-12-23T22:22:31 IST" duration-ms="580" status="PASS">
          <reporter-output>
          </reporter-output>
        </test-method> <!-- postCond -->
        <test-method is-config="true" signature="closeReport()[pri:0, instance:testcases.TC001_Logout_Application@65c7a252]" started-at="2025-12-23T22:23:49 IST" name="closeReport" finished-at="2025-12-23T22:23:49 IST" duration-ms="281" status="PASS">
          <reporter-output>
          </reporter-output>
        </test-method> <!-- closeReport -->
      </class> <!-- testcases.TC001_Logout_Application -->
    </test> <!-- Test -->
  </suite> <!-- Suite -->
</testng-results>
