<?xml version="1.0" encoding="UTF-8"?>
<testng-results ignored="0" total="4" passed="4" failed="0" skipped="0">
  <reporter-output>
  </reporter-output>
  <suite started-at="2025-12-07T21:33:40 IST" name="Suite" finished-at="2025-12-07T21:34:44 IST" duration-ms="64446">
    <groups>
    </groups>
    <test started-at="2025-12-07T21:33:40 IST" name="Test" finished-at="2025-12-07T21:34:44 IST" duration-ms="64446">
      <class name="testcases.TC003_Transfer_Funds">
        <test-method is-config="true" signature="setData()[pri:0, instance:testcases.TC003_Transfer_Funds@1ed6388a]" started-at="2025-12-07T21:33:40 IST" name="setData" finished-at="2025-12-07T21:33:40 IST" duration-ms="0" status="PASS">
          <reporter-output>
          </reporter-output>
        </test-method> <!-- setData -->
        <test-method is-config="true" signature="preCond()[pri:0, instance:testcases.TC003_Transfer_Funds@1ed6388a]" started-at="2025-12-07T21:34:11 IST" name="preCond" finished-at="2025-12-07T21:34:15 IST" duration-ms="4193" status="PASS">
          <reporter-output>
          </reporter-output>
        </test-method> <!-- preCond -->
        <test-method signature="transferFundsFlow(java.lang.String,java.lang.String,java.lang.String,java.lang.String,java.lang.String)[pri:0, instance:testcases.TC003_Transfer_Funds@1ed6388a]" started-at="2025-12-07T21:34:15 IST" name="transferFundsFlow" data-provider="getData" finished-at="2025-12-07T21:34:35 IST" duration-ms="19208" status="PASS">
          <params>
            <param index="0">
              <value>
                <![CDATA[john]]>
              </value>
            </param>
            <param index="1">
              <value>
                <![CDATA[demo]]>
              </value>
            </param>
            <param index="2">
              <value>
                <![CDATA[250]]>
              </value>
            </param>
            <param index="3">
              <value>
                <![CDATA[13344]]>
              </value>
            </param>
            <param index="4">
              <value>
                <![CDATA[13344]]>
              </value>
            </param>
          </params>
          <reporter-output>
          </reporter-output>
        </test-method> <!-- transferFundsFlow -->
        <test-method is-config="true" signature="postCond()[pri:0, instance:testcases.TC003_Transfer_Funds@1ed6388a]" started-at="2025-12-07T21:34:35 IST" name="postCond" finished-at="2025-12-07T21:34:35 IST" duration-ms="513" status="PASS">
          <reporter-output>
          </reporter-output>
        </test-method> <!-- postCond -->
      </class> <!-- testcases.TC003_Transfer_Funds -->
      <class name="testcases.TC002_Open_New_Account">
        <test-method is-config="true" signature="setData()[pri:0, instance:testcases.TC002_Open_New_Account@942a29c]" started-at="2025-12-07T21:33:40 IST" name="setData" finished-at="2025-12-07T21:33:40 IST" duration-ms="0" status="PASS">
          <reporter-output>
          </reporter-output>
        </test-method> <!-- setData -->
        <test-method is-config="true" signature="preCond()[pri:0, instance:testcases.TC002_Open_New_Account@942a29c]" started-at="2025-12-07T21:33:53 IST" name="preCond" finished-at="2025-12-07T21:34:00 IST" duration-ms="6470" status="PASS">
          <reporter-output>
          </reporter-output>
        </test-method> <!-- preCond -->
        <test-method signature="openNewAccountFlow(java.lang.String,java.lang.String,java.lang.String,java.lang.String)[pri:0, instance:testcases.TC002_Open_New_Account@942a29c]" started-at="2025-12-07T21:34:00 IST" name="openNewAccountFlow" data-provider="getData" finished-at="2025-12-07T21:34:11 IST" duration-ms="11073" status="PASS">
          <params>
            <param index="0">
              <value>
                <![CDATA[john]]>
              </value>
            </param>
            <param index="1">
              <value>
                <![CDATA[demo]]>
              </value>
            </param>
            <param index="2">
              <value>
                <![CDATA[SAVINGS]]>
              </value>
            </param>
            <param index="3">
              <value>
                <![CDATA[13344]]>
              </value>
            </param>
          </params>
          <reporter-output>
          </reporter-output>
        </test-method> <!-- openNewAccountFlow -->
        <test-method is-config="true" signature="postCond()[pri:0, instance:testcases.TC002_Open_New_Account@942a29c]" started-at="2025-12-07T21:34:11 IST" name="postCond" finished-at="2025-12-07T21:34:11 IST" duration-ms="623" status="PASS">
          <reporter-output>
          </reporter-output>
        </test-method> <!-- postCond -->
      </class> <!-- testcases.TC002_Open_New_Account -->
      <class name="testcases.TC004_Request_Loan">
        <test-method is-config="true" signature="setData()[pri:0, instance:testcases.TC004_Request_Loan@5a45133e]" started-at="2025-12-07T21:33:40 IST" name="setData" finished-at="2025-12-07T21:33:40 IST" duration-ms="1" status="PASS">
          <reporter-output>
          </reporter-output>
        </test-method> <!-- setData -->
        <test-method is-config="true" signature="preCond()[pri:0, instance:testcases.TC004_Request_Loan@5a45133e]" started-at="2025-12-07T21:34:35 IST" name="preCond" finished-at="2025-12-07T21:34:39 IST" duration-ms="3499" status="PASS">
          <reporter-output>
          </reporter-output>
        </test-method> <!-- preCond -->
        <test-method signature="requestLoanFlow(java.lang.String,java.lang.String,java.lang.String,java.lang.String,java.lang.String,java.lang.String)[pri:0, instance:testcases.TC004_Request_Loan@5a45133e]" started-at="2025-12-07T21:34:39 IST" name="requestLoanFlow" data-provider="getData" finished-at="2025-12-07T21:34:44 IST" duration-ms="5063" status="PASS">
          <params>
            <param index="0">
              <value>
                <![CDATA[john]]>
              </value>
            </param>
            <param index="1">
              <value>
                <![CDATA[demo]]>
              </value>
            </param>
            <param index="2">
              <value>
                <![CDATA[2500000]]>
              </value>
            </param>
            <param index="3">
              <value>
                <![CDATA[2500]]>
              </value>
            </param>
            <param index="4">
              <value>
                <![CDATA[13344]]>
              </value>
            </param>
            <param index="5">
              <value>
                <![CDATA[Denied]]>
              </value>
            </param>
          </params>
          <reporter-output>
          </reporter-output>
        </test-method> <!-- requestLoanFlow -->
        <test-method is-config="true" signature="postCond()[pri:0, instance:testcases.TC004_Request_Loan@5a45133e]" started-at="2025-12-07T21:34:44 IST" name="postCond" finished-at="2025-12-07T21:34:44 IST" duration-ms="536" status="PASS">
          <reporter-output>
          </reporter-output>
        </test-method> <!-- postCond -->
      </class> <!-- testcases.TC004_Request_Loan -->
      <class name="testcases.TC001_Logout_Application">
        <test-method is-config="true" signature="setData()[pri:0, instance:testcases.TC001_Logout_Application@7db12bb6]" started-at="2025-12-07T21:33:40 IST" name="setData" finished-at="2025-12-07T21:33:40 IST" duration-ms="5" status="PASS">
          <reporter-output>
          </reporter-output>
        </test-method> <!-- setData -->
        <test-method is-config="true" signature="preCond()[pri:0, instance:testcases.TC001_Logout_Application@7db12bb6]" started-at="2025-12-07T21:33:41 IST" name="preCond" finished-at="2025-12-07T21:33:45 IST" duration-ms="4484" status="PASS">
          <reporter-output>
          </reporter-output>
        </test-method> <!-- preCond -->
        <test-method signature="logoutApplication(java.lang.String,java.lang.String)[pri:0, instance:testcases.TC001_Logout_Application@7db12bb6]" started-at="2025-12-07T21:33:45 IST" name="logoutApplication" data-provider="getData" finished-at="2025-12-07T21:33:52 IST" duration-ms="7174" status="PASS">
          <params>
            <param index="0">
              <value>
                <![CDATA[john]]>
              </value>
            </param>
            <param index="1">
              <value>
                <![CDATA[demo]]>
              </value>
            </param>
          </params>
          <reporter-output>
          </reporter-output>
        </test-method> <!-- logoutApplication -->
        <test-method is-config="true" signature="postCond()[pri:0, instance:testcases.TC001_Logout_Application@7db12bb6]" started-at="2025-12-07T21:33:52 IST" name="postCond" finished-at="2025-12-07T21:33:53 IST" duration-ms="689" status="PASS">
          <reporter-output>
          </reporter-output>
        </test-method> <!-- postCond -->
      </class> <!-- testcases.TC001_Logout_Application -->
    </test> <!-- Test -->
  </suite> <!-- Suite -->
</testng-results>
