<?xml version="1.0" encoding="UTF-8"?>
<testng-results ignored="6" total="10" passed="4" failed="0" skipped="0">
  <reporter-output>
  </reporter-output>
  <suite started-at="2026-01-04T15:43:52 IST" name="Suite" finished-at="2026-01-04T15:45:14 IST" duration-ms="81867">
    <groups>
    </groups>
    <test started-at="2026-01-04T15:43:52 IST" name="Test" finished-at="2026-01-04T15:45:14 IST" duration-ms="81867">
      <class name="testcases.TC003_Transfer_Funds">
        <test-method is-config="true" signature="setData()[pri:0, instance:testcases.TC003_Transfer_Funds@f09733f]" started-at="2026-01-04T15:43:52 IST" name="setData" finished-at="2026-01-04T15:43:52 IST" duration-ms="0" status="PASS">
          <reporter-output>
          </reporter-output>
        </test-method> <!-- setData -->
        <test-method is-config="true" signature="testcaseDetails()[pri:0, instance:testcases.TC003_Transfer_Funds@f09733f]" started-at="2026-01-04T15:44:35 IST" name="testcaseDetails" finished-at="2026-01-04T15:44:35 IST" duration-ms="0" status="PASS">
          <reporter-output>
          </reporter-output>
        </test-method> <!-- testcaseDetails -->
        <test-method is-config="true" signature="preCond()[pri:0, instance:testcases.TC003_Transfer_Funds@f09733f]" started-at="2026-01-04T15:44:35 IST" name="preCond" finished-at="2026-01-04T15:44:40 IST" duration-ms="4678" status="PASS">
          <reporter-output>
          </reporter-output>
        </test-method> <!-- preCond -->
        <test-method signature="transferFundsFlow(java.lang.String,java.lang.String,java.lang.String,java.lang.String,java.lang.String)[pri:0, instance:testcases.TC003_Transfer_Funds@f09733f]" started-at="2026-01-04T15:44:40 IST" name="transferFundsFlow" data-provider="getData" finished-at="2026-01-04T15:45:02 IST" duration-ms="22362" status="PASS">
          <params>
            <param index="0">
              <value>
                <![CDATA[john]]>
              </value>
            </param>
            <param index="1">
              <value>
                <![CDATA[demo]]>
              </value>
            </param>
            <param index="2">
              <value>
                <![CDATA[250]]>
              </value>
            </param>
            <param index="3">
              <value>
                <![CDATA[13344]]>
              </value>
            </param>
            <param index="4">
              <value>
                <![CDATA[13344]]>
              </value>
            </param>
          </params>
          <reporter-output>
          </reporter-output>
        </test-method> <!-- transferFundsFlow -->
        <test-method is-config="true" signature="postCond()[pri:0, instance:testcases.TC003_Transfer_Funds@f09733f]" started-at="2026-01-04T15:45:02 IST" name="postCond" finished-at="2026-01-04T15:45:02 IST" duration-ms="526" status="PASS">
          <reporter-output>
          </reporter-output>
        </test-method> <!-- postCond -->
      </class> <!-- testcases.TC003_Transfer_Funds -->
      <class name="testcases.TC002_Open_New_Account">
        <test-method is-config="true" signature="setData()[pri:0, instance:testcases.TC002_Open_New_Account@4b45a2f5]" started-at="2026-01-04T15:43:52 IST" name="setData" finished-at="2026-01-04T15:43:52 IST" duration-ms="0" status="PASS">
          <reporter-output>
          </reporter-output>
        </test-method> <!-- setData -->
        <test-method is-config="true" signature="testcaseDetails()[pri:0, instance:testcases.TC002_Open_New_Account@4b45a2f5]" started-at="2026-01-04T15:44:13 IST" name="testcaseDetails" finished-at="2026-01-04T15:44:13 IST" duration-ms="0" status="PASS">
          <reporter-output>
          </reporter-output>
        </test-method> <!-- testcaseDetails -->
        <test-method is-config="true" signature="preCond()[pri:0, instance:testcases.TC002_Open_New_Account@4b45a2f5]" started-at="2026-01-04T15:44:13 IST" name="preCond" finished-at="2026-01-04T15:44:20 IST" duration-ms="6733" status="PASS">
          <reporter-output>
          </reporter-output>
        </test-method> <!-- preCond -->
        <test-method signature="openNewAccountFlow(java.lang.String,java.lang.String,java.lang.String,java.lang.String)[pri:0, instance:testcases.TC002_Open_New_Account@4b45a2f5]" started-at="2026-01-04T15:44:20 IST" name="openNewAccountFlow" data-provider="getData" finished-at="2026-01-04T15:44:34 IST" duration-ms="14326" status="PASS">
          <params>
            <param index="0">
              <value>
                <![CDATA[john]]>
              </value>
            </param>
            <param index="1">
              <value>
                <![CDATA[demo]]>
              </value>
            </param>
            <param index="2">
              <value>
                <![CDATA[SAVINGS]]>
              </value>
            </param>
            <param index="3">
              <value>
                <![CDATA[13344]]>
              </value>
            </param>
          </params>
          <reporter-output>
          </reporter-output>
        </test-method> <!-- openNewAccountFlow -->
        <test-method is-config="true" signature="postCond()[pri:0, instance:testcases.TC002_Open_New_Account@4b45a2f5]" started-at="2026-01-04T15:44:34 IST" name="postCond" finished-at="2026-01-04T15:44:35 IST" duration-ms="516" status="PASS">
          <reporter-output>
          </reporter-output>
        </test-method> <!-- postCond -->
      </class> <!-- testcases.TC002_Open_New_Account -->
      <class name="testcases.TC004_Request_Loan">
        <test-method is-config="true" signature="setData()[pri:0, instance:testcases.TC004_Request_Loan@e350b40]" started-at="2026-01-04T15:43:52 IST" name="setData" finished-at="2026-01-04T15:43:52 IST" duration-ms="1" status="PASS">
          <reporter-output>
          </reporter-output>
        </test-method> <!-- setData -->
        <test-method is-config="true" signature="testcaseDetails()[pri:0, instance:testcases.TC004_Request_Loan@e350b40]" started-at="2026-01-04T15:45:02 IST" name="testcaseDetails" finished-at="2026-01-04T15:45:02 IST" duration-ms="0" status="PASS">
          <reporter-output>
          </reporter-output>
        </test-method> <!-- testcaseDetails -->
        <test-method is-config="true" signature="preCond()[pri:0, instance:testcases.TC004_Request_Loan@e350b40]" started-at="2026-01-04T15:45:02 IST" name="preCond" finished-at="2026-01-04T15:45:06 IST" duration-ms="3441" status="PASS">
          <reporter-output>
          </reporter-output>
        </test-method> <!-- preCond -->
        <test-method signature="requestLoanFlow(java.lang.String,java.lang.String,java.lang.String,java.lang.String,java.lang.String,java.lang.String)[pri:0, instance:testcases.TC004_Request_Loan@e350b40]" started-at="2026-01-04T15:45:06 IST" name="requestLoanFlow" data-provider="getData" finished-at="2026-01-04T15:45:13 IST" duration-ms="7043" status="PASS">
          <params>
            <param index="0">
              <value>
                <![CDATA[john]]>
              </value>
            </param>
            <param index="1">
              <value>
                <![CDATA[demo]]>
              </value>
            </param>
            <param index="2">
              <value>
                <![CDATA[2500000]]>
              </value>
            </param>
            <param index="3">
              <value>
                <![CDATA[2500]]>
              </value>
            </param>
            <param index="4">
              <value>
                <![CDATA[13344]]>
              </value>
            </param>
            <param index="5">
              <value>
                <![CDATA[Denied]]>
              </value>
            </param>
          </params>
          <reporter-output>
          </reporter-output>
        </test-method> <!-- requestLoanFlow -->
        <test-method is-config="true" signature="postCond()[pri:0, instance:testcases.TC004_Request_Loan@e350b40]" started-at="2026-01-04T15:45:13 IST" name="postCond" finished-at="2026-01-04T15:45:14 IST" duration-ms="705" status="PASS">
          <reporter-output>
          </reporter-output>
        </test-method> <!-- postCond -->
      </class> <!-- testcases.TC004_Request_Loan -->
      <class name="testcases.TC001_Logout_Application">
        <test-method is-config="true" signature="reportsGenerate()[pri:0, instance:testcases.TC001_Logout_Application@5677323c]" started-at="2026-01-04T15:43:51 IST" name="reportsGenerate" finished-at="2026-01-04T15:43:52 IST" duration-ms="295" status="PASS">
          <reporter-output>
          </reporter-output>
        </test-method> <!-- reportsGenerate -->
        <test-method is-config="true" signature="setData()[pri:0, instance:testcases.TC001_Logout_Application@5677323c]" started-at="2026-01-04T15:43:52 IST" name="setData" finished-at="2026-01-04T15:43:52 IST" duration-ms="0" status="PASS">
          <reporter-output>
          </reporter-output>
        </test-method> <!-- setData -->
        <test-method is-config="true" signature="testcaseDetails()[pri:0, instance:testcases.TC001_Logout_Application@5677323c]" started-at="2026-01-04T15:43:52 IST" name="testcaseDetails" finished-at="2026-01-04T15:43:52 IST" duration-ms="5" status="PASS">
          <reporter-output>
          </reporter-output>
        </test-method> <!-- testcaseDetails -->
        <test-method is-config="true" signature="preCond()[pri:0, instance:testcases.TC001_Logout_Application@5677323c]" started-at="2026-01-04T15:43:53 IST" name="preCond" finished-at="2026-01-04T15:44:04 IST" duration-ms="11417" status="PASS">
          <reporter-output>
          </reporter-output>
        </test-method> <!-- preCond -->
        <test-method signature="logoutApplication(java.lang.String,java.lang.String)[pri:0, instance:testcases.TC001_Logout_Application@5677323c]" started-at="2026-01-04T15:44:04 IST" name="logoutApplication" data-provider="getData" finished-at="2026-01-04T15:44:13 IST" duration-ms="8582" status="PASS">
          <params>
            <param index="0">
              <value>
                <![CDATA[john]]>
              </value>
            </param>
            <param index="1">
              <value>
                <![CDATA[demo]]>
              </value>
            </param>
          </params>
          <reporter-output>
          </reporter-output>
        </test-method> <!-- logoutApplication -->
        <test-method is-config="true" signature="postCond()[pri:0, instance:testcases.TC001_Logout_Application@5677323c]" started-at="2026-01-04T15:44:13 IST" name="postCond" finished-at="2026-01-04T15:44:13 IST" duration-ms="629" status="PASS">
          <reporter-output>
          </reporter-output>
        </test-method> <!-- postCond -->
        <test-method is-config="true" signature="closeReport()[pri:0, instance:testcases.TC001_Logout_Application@5677323c]" started-at="2026-01-04T15:45:14 IST" name="closeReport" finished-at="2026-01-04T15:45:14 IST" duration-ms="259" status="PASS">
          <reporter-output>
          </reporter-output>
        </test-method> <!-- closeReport -->
      </class> <!-- testcases.TC001_Logout_Application -->
    </test> <!-- Test -->
  </suite> <!-- Suite -->
</testng-results>
